<?xml version="1.0" encoding="UTF-8"?>
<testsuite xmlns:xsi="http://www.w3.org/2001/XMLSchema-instance" xsi:noNamespaceSchemaLocation="https://maven.apache.org/surefire/maven-surefire-plugin/xsd/surefire-test-report.xsd" name="hu.lanoga.AppTest" time="0.029" tests="1" errors="0" skipped="0" failures="0">
  <properties>
    <property name="java.specification.version" value="22"/>
    <property name="sun.jnu.encoding" value="UTF-8"/>
    <property name="java.class.path" value="/home/rikerik7/Desktop/pg_schema_dump/pg-schema-dump/target/test-classes:/home/rikerik7/Desktop/pg_schema_dump/pg-schema-dump/target/classes:/home/rikerik7/.m2/repository/junit/junit/4.11/junit-4.11.jar:/home/rikerik7/.m2/repository/org/hamcrest/hamcrest-core/1.3/hamcrest-core-1.3.jar:/home/rikerik7/.m2/repository/org/postgresql/postgresql/42.2.23/postgresql-42.2.23.jar:/home/rikerik7/.m2/repository/org/checkerframework/checker-qual/3.5.0/checker-qual-3.5.0.jar:/home/rikerik7/.m2/repository/com/jcraft/jsch/0.1.55/jsch-0.1.55.jar:/home/rikerik7/.m2/repository/org/slf4j/slf4j-api/1.7.32/slf4j-api-1.7.32.jar:/home/rikerik7/.m2/repository/org/slf4j/slf4j-simple/1.7.32/slf4j-simple-1.7.32.jar:/home/rikerik7/.m2/repository/org/apache/commons/commons-configuration2/2.7/commons-configuration2-2.7.jar:/home/rikerik7/.m2/repository/org/apache/commons/commons-lang3/3.9/commons-lang3-3.9.jar:/home/rikerik7/.m2/repository/org/apache/commons/commons-text/1.8/commons-text-1.8.jar:/home/rikerik7/.m2/repository/commons-logging/commons-logging/1.2/commons-logging-1.2.jar:"/>
    <property name="java.vm.vendor" value="Oracle Corporation"/>
    <property name="sun.arch.data.model" value="64"/>
    <property name="java.vendor.url" value="https://java.oracle.com/"/>
    <property name="os.name" value="Linux"/>
    <property name="java.vm.specification.version" value="22"/>
    <property name="sun.java.launcher" value="SUN_STANDARD"/>
    <property name="user.country" value="US"/>
    <property name="sun.boot.library.path" value="/usr/lib/jvm/jdk-22-oracle-x64/lib"/>
    <property name="sun.java.command" value="/home/rikerik7/Desktop/pg_schema_dump/pg-schema-dump/target/surefire/surefirebooter4233648916081257882.jar /home/rikerik7/Desktop/pg_schema_dump/pg-schema-dump/target/surefire 2024-05-30T11-15-39_738-jvmRun1 surefire16088991311421550127tmp surefire_010800688133987251860tmp"/>
    <property name="jdk.debug" value="release"/>
    <property name="surefire.test.class.path" value="/home/rikerik7/Desktop/pg_schema_dump/pg-schema-dump/target/test-classes:/home/rikerik7/Desktop/pg_schema_dump/pg-schema-dump/target/classes:/home/rikerik7/.m2/repository/junit/junit/4.11/junit-4.11.jar:/home/rikerik7/.m2/repository/org/hamcrest/hamcrest-core/1.3/hamcrest-core-1.3.jar:/home/rikerik7/.m2/repository/org/postgresql/postgresql/42.2.23/postgresql-42.2.23.jar:/home/rikerik7/.m2/repository/org/checkerframework/checker-qual/3.5.0/checker-qual-3.5.0.jar:/home/rikerik7/.m2/repository/com/jcraft/jsch/0.1.55/jsch-0.1.55.jar:/home/rikerik7/.m2/repository/org/slf4j/slf4j-api/1.7.32/slf4j-api-1.7.32.jar:/home/rikerik7/.m2/repository/org/slf4j/slf4j-simple/1.7.32/slf4j-simple-1.7.32.jar:/home/rikerik7/.m2/repository/org/apache/commons/commons-configuration2/2.7/commons-configuration2-2.7.jar:/home/rikerik7/.m2/repository/org/apache/commons/commons-lang3/3.9/commons-lang3-3.9.jar:/home/rikerik7/.m2/repository/org/apache/commons/commons-text/1.8/commons-text-1.8.jar:/home/rikerik7/.m2/repository/commons-logging/commons-logging/1.2/commons-logging-1.2.jar:"/>
    <property name="sun.cpu.endian" value="little"/>
    <property name="user.home" value="/home/rikerik7"/>
    <property name="user.language" value="en"/>
    <property name="java.specification.vendor" value="Oracle Corporation"/>
    <property name="java.version.date" value="2024-04-16"/>
    <property name="java.home" value="/usr/lib/jvm/jdk-22-oracle-x64"/>
    <property name="file.separator" value="/"/>
    <property name="basedir" value="/home/rikerik7/Desktop/pg_schema_dump/pg-schema-dump"/>
    <property name="java.vm.compressedOopsMode" value="Zero based"/>
    <property name="line.separator" value="&#10;"/>
    <property name="java.specification.name" value="Java Platform API Specification"/>
    <property name="java.vm.specification.vendor" value="Oracle Corporation"/>
    <property name="surefire.real.class.path" value="/home/rikerik7/Desktop/pg_schema_dump/pg-schema-dump/target/surefire/surefirebooter4233648916081257882.jar"/>
    <property name="sun.management.compiler" value="HotSpot 64-Bit Tiered Compilers"/>
    <property name="java.runtime.version" value="22.0.1+8-16"/>
    <property name="user.name" value="rikerik7"/>
    <property name="stdout.encoding" value="UTF-8"/>
    <property name="path.separator" value=":"/>
    <property name="os.version" value="6.5.0-35-generic"/>
    <property name="java.runtime.name" value="Java(TM) SE Runtime Environment"/>
    <property name="file.encoding" value="UTF-8"/>
    <property name="java.vm.name" value="Java HotSpot(TM) 64-Bit Server VM"/>
    <property name="localRepository" value="/home/rikerik7/.m2/repository"/>
    <property name="java.vendor.url.bug" value="https://bugreport.java.com/bugreport/"/>
    <property name="java.io.tmpdir" value="/tmp"/>
    <property name="java.version" value="22.0.1"/>
    <property name="user.dir" value="/home/rikerik7/Desktop/pg_schema_dump/pg-schema-dump"/>
    <property name="os.arch" value="amd64"/>
    <property name="java.vm.specification.name" value="Java Virtual Machine Specification"/>
    <property name="native.encoding" value="UTF-8"/>
    <property name="java.library.path" value="/usr/java/packages/lib:/usr/lib64:/lib64:/lib:/usr/lib"/>
    <property name="java.vm.info" value="mixed mode, sharing"/>
    <property name="stderr.encoding" value="UTF-8"/>
    <property name="java.vendor" value="Oracle Corporation"/>
    <property name="java.vm.version" value="22.0.1+8-16"/>
    <property name="sun.io.unicode.encoding" value="UnicodeLittle"/>
    <property name="java.class.version" value="66.0"/>
  </properties>
  <testcase name="shouldAnswerWithTrue" classname="hu.lanoga.AppTest" time="0.003"/>
</testsuite>